<?xml version="1.0" encoding="UTF-8"?>
<testng-results ignored="0" total="1" passed="1" failed="0" skipped="0">
  <reporter-output>
  </reporter-output>
  <suite started-at="2022-12-08T16:33:12Z" name="Suite" finished-at="2022-12-08T16:33:23Z" duration-ms="11023">
    <groups>
      <group name="RegressionTest">
        <method signature="ActionsEx2.actionEx2()[pri:0, instance:com.testng.com.ActionsEx2@4cc76301]" name="actionEx2" class="com.testng.com.ActionsEx2"/>
      </group> <!-- RegressionTest -->
    </groups>
    <test started-at="2022-12-08T16:33:12Z" name="Test" finished-at="2022-12-08T16:33:23Z" duration-ms="11023">
      <class name="com.testng.com.ActionsEx2">
        <test-method is-config="true" signature="lunchBrowser()[pri:0, instance:com.testng.com.ActionsEx2@4cc76301]" started-at="2022-12-08T16:33:12Z" name="lunchBrowser" finished-at="2022-12-08T16:33:20Z" duration-ms="7757" status="PASS">
          <reporter-output>
          </reporter-output>
        </test-method> <!-- lunchBrowser -->
        <test-method signature="actionEx2()[pri:0, instance:com.testng.com.ActionsEx2@4cc76301]" started-at="2022-12-08T16:33:20Z" name="actionEx2" finished-at="2022-12-08T16:33:23Z" duration-ms="2950" status="PASS">
          <reporter-output>
          </reporter-output>
        </test-method> <!-- actionEx2 -->
        <test-method is-config="true" signature="closeBrowser()[pri:0, instance:com.testng.com.ActionsEx2@4cc76301]" started-at="2022-12-08T16:33:23Z" name="closeBrowser" finished-at="2022-12-08T16:33:23Z" duration-ms="271" status="PASS">
          <reporter-output>
          </reporter-output>
        </test-method> <!-- closeBrowser -->
      </class> <!-- com.testng.com.ActionsEx2 -->
    </test> <!-- Test -->
  </suite> <!-- Suite -->
</testng-results>
